<?xml version="1.0" encoding="UTF-8"?>
<testsuite xmlns:xsi="http://www.w3.org/2001/XMLSchema-instance" xsi:noNamespaceSchemaLocation="https://maven.apache.org/surefire/maven-surefire-plugin/xsd/surefire-test-report.xsd" name="org.szhang.personal.podscraper.repositories.PodcastAppTest" time="11.631" tests="7" errors="0" skipped="0" failures="0">
  <properties>
    <property name="sun.desktop" value="windows"/>
    <property name="awt.toolkit" value="sun.awt.windows.WToolkit"/>
    <property name="file.encoding.pkg" value="sun.io"/>
    <property name="java.specification.version" value="1.8"/>
    <property name="sun.cpu.isalist" value="amd64"/>
    <property name="sun.jnu.encoding" value="Cp1252"/>
    <property name="java.class.path" value="C:\podscraper\target\test-classes;C:\podscraper\target\classes;C:\Users\Sarah Zhang\.m2\repository\org\seleniumhq\selenium\selenium-java\3.141.59\selenium-java-3.141.59.jar;C:\Users\Sarah Zhang\.m2\repository\org\seleniumhq\selenium\selenium-api\3.14.0\selenium-api-3.14.0.jar;C:\Users\Sarah Zhang\.m2\repository\org\seleniumhq\selenium\selenium-edge-driver\3.14.0\selenium-edge-driver-3.14.0.jar;C:\Users\Sarah Zhang\.m2\repository\commons-codec\commons-codec\1.11\commons-codec-1.11.jar;C:\Users\Sarah Zhang\.m2\repository\commons-logging\commons-logging\1.2\commons-logging-1.2.jar;C:\Users\Sarah Zhang\.m2\repository\org\apache\httpcomponents\httpclient\4.5.6\httpclient-4.5.6.jar;C:\Users\Sarah Zhang\.m2\repository\org\apache\httpcomponents\httpcore\4.4.10\httpcore-4.4.10.jar;C:\Users\Sarah Zhang\.m2\repository\org\seleniumhq\selenium\selenium-firefox-driver\3.14.0\selenium-firefox-driver-3.14.0.jar;C:\Users\Sarah Zhang\.m2\repository\org\seleniumhq\selenium\selenium-ie-driver\3.14.0\selenium-ie-driver-3.14.0.jar;C:\Users\Sarah Zhang\.m2\repository\org\seleniumhq\selenium\selenium-opera-driver\3.14.0\selenium-opera-driver-3.14.0.jar;C:\Users\Sarah Zhang\.m2\repository\org\seleniumhq\selenium\selenium-remote-driver\3.14.0\selenium-remote-driver-3.14.0.jar;C:\Users\Sarah Zhang\.m2\repository\org\seleniumhq\selenium\selenium-safari-driver\3.14.0\selenium-safari-driver-3.14.0.jar;C:\Users\Sarah Zhang\.m2\repository\org\seleniumhq\selenium\selenium-support\3.14.0\selenium-support-3.14.0.jar;C:\Users\Sarah Zhang\.m2\repository\net\bytebuddy\byte-buddy\1.9.3\byte-buddy-1.9.3.jar;C:\Users\Sarah Zhang\.m2\repository\org\apache\commons\commons-exec\1.3\commons-exec-1.3.jar;C:\Users\Sarah Zhang\.m2\repository\com\google\guava\guava\25.0-jre\guava-25.0-jre.jar;C:\Users\Sarah Zhang\.m2\repository\com\google\code\findbugs\jsr305\1.3.9\jsr305-1.3.9.jar;C:\Users\Sarah Zhang\.m2\repository\org\checkerframework\checker-compat-qual\2.0.0\checker-compat-qual-2.0.0.jar;C:\Users\Sarah Zhang\.m2\repository\com\google\errorprone\error_prone_annotations\2.1.3\error_prone_annotations-2.1.3.jar;C:\Users\Sarah Zhang\.m2\repository\com\google\j2objc\j2objc-annotations\1.1\j2objc-annotations-1.1.jar;C:\Users\Sarah Zhang\.m2\repository\org\codehaus\mojo\animal-sniffer-annotations\1.14\animal-sniffer-annotations-1.14.jar;C:\Users\Sarah Zhang\.m2\repository\com\squareup\okhttp3\okhttp\3.11.0\okhttp-3.11.0.jar;C:\Users\Sarah Zhang\.m2\repository\com\squareup\okio\okio\1.14.0\okio-1.14.0.jar;C:\Users\Sarah Zhang\.m2\repository\org\seleniumhq\selenium\selenium-chrome-driver\3.141.59\selenium-chrome-driver-3.141.59.jar;C:\Users\Sarah Zhang\.m2\repository\org\springframework\boot\spring-boot-starter-data-neo4j\2.1.0.RELEASE\spring-boot-starter-data-neo4j-2.1.0.RELEASE.jar;C:\Users\Sarah Zhang\.m2\repository\org\springframework\boot\spring-boot-starter\2.1.0.RELEASE\spring-boot-starter-2.1.0.RELEASE.jar;C:\Users\Sarah Zhang\.m2\repository\org\springframework\boot\spring-boot-starter-logging\2.1.0.RELEASE\spring-boot-starter-logging-2.1.0.RELEASE.jar;C:\Users\Sarah Zhang\.m2\repository\ch\qos\logback\logback-classic\1.2.3\logback-classic-1.2.3.jar;C:\Users\Sarah Zhang\.m2\repository\ch\qos\logback\logback-core\1.2.3\logback-core-1.2.3.jar;C:\Users\Sarah Zhang\.m2\repository\org\apache\logging\log4j\log4j-to-slf4j\2.11.1\log4j-to-slf4j-2.11.1.jar;C:\Users\Sarah Zhang\.m2\repository\org\apache\logging\log4j\log4j-api\2.11.1\log4j-api-2.11.1.jar;C:\Users\Sarah Zhang\.m2\repository\org\slf4j\jul-to-slf4j\1.7.25\jul-to-slf4j-1.7.25.jar;C:\Users\Sarah Zhang\.m2\repository\javax\annotation\javax.annotation-api\1.3.2\javax.annotation-api-1.3.2.jar;C:\Users\Sarah Zhang\.m2\repository\org\yaml\snakeyaml\1.23\snakeyaml-1.23.jar;C:\Users\Sarah Zhang\.m2\repository\org\springframework\data\spring-data-neo4j\5.1.2.RELEASE\spring-data-neo4j-5.1.2.RELEASE.jar;C:\Users\Sarah Zhang\.m2\repository\org\springframework\spring-tx\5.1.2.RELEASE\spring-tx-5.1.2.RELEASE.jar;C:\Users\Sarah Zhang\.m2\repository\org\springframework\spring-context\5.1.2.RELEASE\spring-context-5.1.2.RELEASE.jar;C:\Users\Sarah Zhang\.m2\repository\org\springframework\spring-beans\5.1.2.RELEASE\spring-beans-5.1.2.RELEASE.jar;C:\Users\Sarah Zhang\.m2\repository\org\springframework\data\spring-data-commons\2.1.2.RELEASE\spring-data-commons-2.1.2.RELEASE.jar;C:\Users\Sarah Zhang\.m2\repository\org\slf4j\slf4j-api\1.7.25\slf4j-api-1.7.25.jar;C:\Users\Sarah Zhang\.m2\repository\org\neo4j\neo4j\3.5.1\neo4j-3.5.1.jar;C:\Users\Sarah Zhang\.m2\repository\org\neo4j\neo4j-kernel\3.5.1\neo4j-kernel-3.5.1.jar;C:\Users\Sarah Zhang\.m2\repository\org\neo4j\neo4j-graphdb-api\3.5.1\neo4j-graphdb-api-3.5.1.jar;C:\Users\Sarah Zhang\.m2\repository\org\neo4j\neo4j-resource\3.5.1\neo4j-resource-3.5.1.jar;C:\Users\Sarah Zhang\.m2\repository\org\neo4j\neo4j-procedure-api\3.5.1\neo4j-procedure-api-3.5.1.jar;C:\Users\Sarah Zhang\.m2\repository\org\neo4j\neo4j-kernel-api\3.5.1\neo4j-kernel-api-3.5.1.jar;C:\Users\Sarah Zhang\.m2\repository\org\neo4j\neo4j-diagnostics\3.5.1\neo4j-diagnostics-3.5.1.jar;C:\Users\Sarah Zhang\.m2\repository\org\neo4j\neo4j-common\3.5.1\neo4j-common-3.5.1.jar;C:\Users\Sarah Zhang\.m2\repository\org\neo4j\neo4j-values\3.5.1\neo4j-values-3.5.1.jar;C:\Users\Sarah Zhang\.m2\repository\org\neo4j\neo4j-collections\3.5.1\neo4j-collections-3.5.1.jar;C:\Users\Sarah Zhang\.m2\repository\org\neo4j\neo4j-unsafe\3.5.1\neo4j-unsafe-3.5.1.jar;C:\Users\Sarah Zhang\.m2\repository\org\neo4j\neo4j-io\3.5.1\neo4j-io-3.5.1.jar;C:\Users\Sarah Zhang\.m2\repository\org\neo4j\neo4j-concurrent\3.5.1\neo4j-concurrent-3.5.1.jar;C:\Users\Sarah Zhang\.m2\repository\org\neo4j\neo4j-csv\3.5.1\neo4j-csv-3.5.1.jar;C:\Users\Sarah Zhang\.m2\repository\org\neo4j\neo4j-logging\3.5.1\neo4j-logging-3.5.1.jar;C:\Users\Sarah Zhang\.m2\repository\org\neo4j\neo4j-lucene-upgrade\3.5.1\neo4j-lucene-upgrade-3.5.1.jar;C:\Users\Sarah Zhang\.m2\repository\org\apache\lucene\lucene-core\5.5.5\lucene-core-5.5.5.jar;C:\Users\Sarah Zhang\.m2\repository\org\neo4j\neo4j-configuration\3.5.1\neo4j-configuration-3.5.1.jar;C:\Users\Sarah Zhang\.m2\repository\org\neo4j\neo4j-index\3.5.1\neo4j-index-3.5.1.jar;C:\Users\Sarah Zhang\.m2\repository\org\neo4j\neo4j-spatial-index\3.5.1\neo4j-spatial-index-3.5.1.jar;C:\Users\Sarah Zhang\.m2\repository\org\neo4j\neo4j-ssl\3.5.1\neo4j-ssl-3.5.1.jar;C:\Users\Sarah Zhang\.m2\repository\org\eclipse\collections\eclipse-collections\9.2.0\eclipse-collections-9.2.0.jar;C:\Users\Sarah Zhang\.m2\repository\org\eclipse\collections\eclipse-collections-api\9.2.0\eclipse-collections-api-9.2.0.jar;C:\Users\Sarah Zhang\.m2\repository\org\neo4j\neo4j-lucene-index\3.5.1\neo4j-lucene-index-3.5.1.jar;C:\Users\Sarah Zhang\.m2\repository\org\apache\lucene\lucene-analyzers-common\5.5.5\lucene-analyzers-common-5.5.5.jar;C:\Users\Sarah Zhang\.m2\repository\org\apache\lucene\lucene-queryparser\5.5.5\lucene-queryparser-5.5.5.jar;C:\Users\Sarah Zhang\.m2\repository\org\apache\lucene\lucene-codecs\5.5.5\lucene-codecs-5.5.5.jar;C:\Users\Sarah Zhang\.m2\repository\org\neo4j\neo4j-fulltext-index\3.5.1\neo4j-fulltext-index-3.5.1.jar;C:\Users\Sarah Zhang\.m2\repository\org\neo4j\neo4j-graph-algo\3.5.1\neo4j-graph-algo-3.5.1.jar;C:\Users\Sarah Zhang\.m2\repository\org\neo4j\neo4j-udc\3.5.1\neo4j-udc-3.5.1.jar;C:\Users\Sarah Zhang\.m2\repository\org\neo4j\neo4j-data-collector\3.5.1\neo4j-data-collector-3.5.1.jar;C:\Users\Sarah Zhang\.m2\repository\org\scala-lang\scala-library\2.11.12\scala-library-2.11.12.jar;C:\Users\Sarah Zhang\.m2\repository\org\scala-lang\scala-reflect\2.11.12\scala-reflect-2.11.12.jar;C:\Users\Sarah Zhang\.m2\repository\org\neo4j\neo4j-cypher\3.5.1\neo4j-cypher-3.5.1.jar;C:\Users\Sarah Zhang\.m2\repository\org\neo4j\neo4j-graph-matching\3.1.9\neo4j-graph-matching-3.1.9.jar;C:\Users\Sarah Zhang\.m2\repository\org\neo4j\neo4j-codegen\3.5.1\neo4j-codegen-3.5.1.jar;C:\Users\Sarah Zhang\.m2\repository\org\ow2\asm\asm\6.2\asm-6.2.jar;C:\Users\Sarah Zhang\.m2\repository\org\ow2\asm\asm-util\6.2\asm-util-6.2.jar;C:\Users\Sarah Zhang\.m2\repository\org\ow2\asm\asm-analysis\6.2\asm-analysis-6.2.jar;C:\Users\Sarah Zhang\.m2\repository\org\ow2\asm\asm-tree\6.2\asm-tree-6.2.jar;C:\Users\Sarah Zhang\.m2\repository\org\apache\commons\commons-text\1.4\commons-text-1.4.jar;C:\Users\Sarah Zhang\.m2\repository\org\neo4j\neo4j-cypher-compiler-2.3\2.3.12\neo4j-cypher-compiler-2.3-2.3.12.jar;C:\Users\Sarah Zhang\.m2\repository\org\neo4j\neo4j-cypher-frontend-2.3\2.3.12\neo4j-cypher-frontend-2.3-2.3.12.jar;C:\Users\Sarah Zhang\.m2\repository\com\googlecode\concurrentlinkedhashmap\concurrentlinkedhashmap-lru\1.4.2\concurrentlinkedhashmap-lru-1.4.2.jar;C:\Users\Sarah Zhang\.m2\repository\org\neo4j\neo4j-cypher-compiler-3.1\3.1.9\neo4j-cypher-compiler-3.1-3.1.9.jar;C:\Users\Sarah Zhang\.m2\repository\org\neo4j\neo4j-cypher-frontend-3.1\3.1.9\neo4j-cypher-frontend-3.1-3.1.9.jar;C:\Users\Sarah Zhang\.m2\repository\com\github\ben-manes\caffeine\caffeine\2.6.2\caffeine-2.6.2.jar;C:\Users\Sarah Zhang\.m2\repository\org\neo4j\neo4j-cypher-planner-3.4\3.4.10\neo4j-cypher-planner-3.4-3.4.10.jar;C:\Users\Sarah Zhang\.m2\repository\org\neo4j\openCypher-frontend-1\3.4.10\openCypher-frontend-1-3.4.10.jar;C:\Users\Sarah Zhang\.m2\repository\org\neo4j\neo4j-cypher-util-3.4\3.4.10\neo4j-cypher-util-3.4-3.4.10.jar;C:\Users\Sarah Zhang\.m2\repository\org\neo4j\neo4j-cypher-expression-3.4\3.4.10\neo4j-cypher-expression-3.4-3.4.10.jar;C:\Users\Sarah Zhang\.m2\repository\org\neo4j\neo4j-cypher-ir-3.4\3.4.10\neo4j-cypher-ir-3.4-3.4.10.jar;C:\Users\Sarah Zhang\.m2\repository\org\neo4j\neo4j-cypher-logical-plans-3.4\3.4.10\neo4j-cypher-logical-plans-3.4-3.4.10.jar;C:\Users\Sarah Zhang\.m2\repository\org\neo4j\neo4j-cypher-planner-spi-3.4\3.4.10\neo4j-cypher-planner-spi-3.4-3.4.10.jar;C:\Users\Sarah Zhang\.m2\repository\org\neo4j\neo4j-legacy\3.5.1\neo4j-legacy-3.5.1.jar;C:\Users\Sarah Zhang\.m2\repository\org\neo4j\neo4j-util-3.5\3.5.1\neo4j-util-3.5-3.5.1.jar;C:\Users\Sarah Zhang\.m2\repository\org\neo4j\neo4j-cypher-planner-3.5\3.5.1\neo4j-cypher-planner-3.5-3.5.1.jar;C:\Users\Sarah Zhang\.m2\repository\org\neo4j\neo4j-cypher-ir-3.5\3.5.1\neo4j-cypher-ir-3.5-3.5.1.jar;C:\Users\Sarah Zhang\.m2\repository\org\neo4j\neo4j-expressions-3.5\3.5.1\neo4j-expressions-3.5-3.5.1.jar;C:\Users\Sarah Zhang\.m2\repository\org\neo4j\neo4j-ast-3.5\3.5.1\neo4j-ast-3.5-3.5.1.jar;C:\Users\Sarah Zhang\.m2\repository\org\neo4j\neo4j-front-end-3.5\3.5.1\neo4j-front-end-3.5-3.5.1.jar;C:\Users\Sarah Zhang\.m2\repository\org\neo4j\neo4j-parser-3.5\3.5.1\neo4j-parser-3.5-3.5.1.jar;C:\Users\Sarah Zhang\.m2\repository\org\neo4j\neo4j-rewriting-3.5\3.5.1\neo4j-rewriting-3.5-3.5.1.jar;C:\Users\Sarah Zhang\.m2\repository\org\neo4j\neo4j-cypher-logical-plans-3.5\3.5.1\neo4j-cypher-logical-plans-3.5-3.5.1.jar;C:\Users\Sarah Zhang\.m2\repository\org\neo4j\neo4j-cypher-planner-spi-3.5\3.5.1\neo4j-cypher-planner-spi-3.5-3.5.1.jar;C:\Users\Sarah Zhang\.m2\repository\org\neo4j\neo4j-cypher-runtime-util\3.5.1\neo4j-cypher-runtime-util-3.5.1.jar;C:\Users\Sarah Zhang\.m2\repository\org\neo4j\neo4j-cypher-interpreted-runtime\3.5.1\neo4j-cypher-interpreted-runtime-3.5.1.jar;C:\Users\Sarah Zhang\.m2\repository\org\parboiled\parboiled-scala_2.11\1.1.7\parboiled-scala_2.11-1.1.7.jar;C:\Users\Sarah Zhang\.m2\repository\org\parboiled\parboiled-core\1.1.7\parboiled-core-1.1.7.jar;C:\Users\Sarah Zhang\.m2\repository\net\sf\opencsv\opencsv\2.3\opencsv-2.3.jar;C:\Users\Sarah Zhang\.m2\repository\org\apache\commons\commons-lang3\3.8.1\commons-lang3-3.8.1.jar;C:\Users\Sarah Zhang\.m2\repository\org\neo4j\neo4j-jmx\3.5.1\neo4j-jmx-3.5.1.jar;C:\Users\Sarah Zhang\.m2\repository\org\neo4j\neo4j-bolt\3.5.1\neo4j-bolt-3.5.1.jar;C:\Users\Sarah Zhang\.m2\repository\io\netty\netty-all\4.1.29.Final\netty-all-4.1.29.Final.jar;C:\Users\Sarah Zhang\.m2\repository\org\bouncycastle\bcpkix-jdk15on\1.60\bcpkix-jdk15on-1.60.jar;C:\Users\Sarah Zhang\.m2\repository\org\bouncycastle\bcprov-jdk15on\1.60\bcprov-jdk15on-1.60.jar;C:\Users\Sarah Zhang\.m2\repository\org\neo4j\neo4j-consistency-check\3.5.1\neo4j-consistency-check-3.5.1.jar;C:\Users\Sarah Zhang\.m2\repository\org\neo4j\neo4j-command-line\3.5.1\neo4j-command-line-3.5.1.jar;C:\Users\Sarah Zhang\.m2\repository\org\neo4j\neo4j-dbms\3.5.1\neo4j-dbms-3.5.1.jar;C:\Users\Sarah Zhang\.m2\repository\org\neo4j\neo4j-import-tool\3.5.1\neo4j-import-tool-3.5.1.jar;C:\Users\Sarah Zhang\.m2\repository\org\jprocesses\jProcesses\1.6.4\jProcesses-1.6.4.jar;C:\Users\Sarah Zhang\.m2\repository\com\profesorfalken\WMI4Java\1.6.1\WMI4Java-1.6.1.jar;C:\Users\Sarah Zhang\.m2\repository\com\profesorfalken\jPowerShell\1.9\jPowerShell-1.9.jar;C:\Users\Sarah Zhang\.m2\repository\org\apache\commons\commons-compress\1.18\commons-compress-1.18.jar;C:\Program Files\Java\jdk1.8.0_181\jre\..\lib\tools.jar;C:\Users\Sarah Zhang\.m2\repository\org\neo4j\neo4j-ogm-embedded-driver\3.1.7\neo4j-ogm-embedded-driver-3.1.7.jar;C:\Users\Sarah Zhang\.m2\repository\org\neo4j\neo4j-ogm-api\3.1.4\neo4j-ogm-api-3.1.4.jar;C:\Users\Sarah Zhang\.m2\repository\com\fasterxml\jackson\core\jackson-databind\2.9.7\jackson-databind-2.9.7.jar;C:\Users\Sarah Zhang\.m2\repository\com\fasterxml\jackson\core\jackson-core\2.9.7\jackson-core-2.9.7.jar;C:\Users\Sarah Zhang\.m2\repository\org\neo4j\neo4j-ogm-core\3.1.4\neo4j-ogm-core-3.1.4.jar;C:\Users\Sarah Zhang\.m2\repository\io\github\lukehutch\fast-classpath-scanner\2.18.1\fast-classpath-scanner-2.18.1.jar;C:\Users\Sarah Zhang\.m2\repository\org\neo4j\neo4j-ogm-bolt-driver\3.1.7\neo4j-ogm-bolt-driver-3.1.7.jar;C:\Users\Sarah Zhang\.m2\repository\org\neo4j\driver\neo4j-java-driver\1.6.3\neo4j-java-driver-1.6.3.jar;C:\Users\Sarah Zhang\.m2\repository\org\springframework\boot\spring-boot-starter-web\2.1.0.RELEASE\spring-boot-starter-web-2.1.0.RELEASE.jar;C:\Users\Sarah Zhang\.m2\repository\org\springframework\boot\spring-boot-starter-json\2.1.0.RELEASE\spring-boot-starter-json-2.1.0.RELEASE.jar;C:\Users\Sarah Zhang\.m2\repository\com\fasterxml\jackson\datatype\jackson-datatype-jdk8\2.9.7\jackson-datatype-jdk8-2.9.7.jar;C:\Users\Sarah Zhang\.m2\repository\com\fasterxml\jackson\datatype\jackson-datatype-jsr310\2.9.7\jackson-datatype-jsr310-2.9.7.jar;C:\Users\Sarah Zhang\.m2\repository\com\fasterxml\jackson\module\jackson-module-parameter-names\2.9.7\jackson-module-parameter-names-2.9.7.jar;C:\Users\Sarah Zhang\.m2\repository\org\springframework\boot\spring-boot-starter-tomcat\2.1.0.RELEASE\spring-boot-starter-tomcat-2.1.0.RELEASE.jar;C:\Users\Sarah Zhang\.m2\repository\org\apache\tomcat\embed\tomcat-embed-core\9.0.12\tomcat-embed-core-9.0.12.jar;C:\Users\Sarah Zhang\.m2\repository\org\apache\tomcat\embed\tomcat-embed-el\9.0.12\tomcat-embed-el-9.0.12.jar;C:\Users\Sarah Zhang\.m2\repository\org\apache\tomcat\embed\tomcat-embed-websocket\9.0.12\tomcat-embed-websocket-9.0.12.jar;C:\Users\Sarah Zhang\.m2\repository\org\hibernate\validator\hibernate-validator\6.0.13.Final\hibernate-validator-6.0.13.Final.jar;C:\Users\Sarah Zhang\.m2\repository\javax\validation\validation-api\2.0.1.Final\validation-api-2.0.1.Final.jar;C:\Users\Sarah Zhang\.m2\repository\org\jboss\logging\jboss-logging\3.3.2.Final\jboss-logging-3.3.2.Final.jar;C:\Users\Sarah Zhang\.m2\repository\com\fasterxml\classmate\1.4.0\classmate-1.4.0.jar;C:\Users\Sarah Zhang\.m2\repository\org\springframework\spring-web\5.1.2.RELEASE\spring-web-5.1.2.RELEASE.jar;C:\Users\Sarah Zhang\.m2\repository\org\springframework\spring-webmvc\5.1.2.RELEASE\spring-webmvc-5.1.2.RELEASE.jar;C:\Users\Sarah Zhang\.m2\repository\org\springframework\spring-aop\5.1.2.RELEASE\spring-aop-5.1.2.RELEASE.jar;C:\Users\Sarah Zhang\.m2\repository\org\springframework\spring-expression\5.1.2.RELEASE\spring-expression-5.1.2.RELEASE.jar;C:\Users\Sarah Zhang\.m2\repository\org\springframework\boot\spring-boot-starter-data-rest\2.1.0.RELEASE\spring-boot-starter-data-rest-2.1.0.RELEASE.jar;C:\Users\Sarah Zhang\.m2\repository\org\springframework\data\spring-data-rest-webmvc\3.1.2.RELEASE\spring-data-rest-webmvc-3.1.2.RELEASE.jar;C:\Users\Sarah Zhang\.m2\repository\org\springframework\data\spring-data-rest-core\3.1.2.RELEASE\spring-data-rest-core-3.1.2.RELEASE.jar;C:\Users\Sarah Zhang\.m2\repository\org\springframework\hateoas\spring-hateoas\0.25.0.RELEASE\spring-hateoas-0.25.0.RELEASE.jar;C:\Users\Sarah Zhang\.m2\repository\org\springframework\plugin\spring-plugin-core\1.2.0.RELEASE\spring-plugin-core-1.2.0.RELEASE.jar;C:\Users\Sarah Zhang\.m2\repository\org\atteo\evo-inflector\1.2.2\evo-inflector-1.2.2.jar;C:\Users\Sarah Zhang\.m2\repository\com\fasterxml\jackson\core\jackson-annotations\2.9.0\jackson-annotations-2.9.0.jar;C:\Users\Sarah Zhang\.m2\repository\org\springframework\boot\spring-boot-devtools\2.1.0.RELEASE\spring-boot-devtools-2.1.0.RELEASE.jar;C:\Users\Sarah Zhang\.m2\repository\org\springframework\boot\spring-boot\2.1.0.RELEASE\spring-boot-2.1.0.RELEASE.jar;C:\Users\Sarah Zhang\.m2\repository\org\springframework\boot\spring-boot-autoconfigure\2.1.0.RELEASE\spring-boot-autoconfigure-2.1.0.RELEASE.jar;C:\Users\Sarah Zhang\.m2\repository\org\springframework\boot\spring-boot-starter-test\2.1.0.RELEASE\spring-boot-starter-test-2.1.0.RELEASE.jar;C:\Users\Sarah Zhang\.m2\repository\org\springframework\boot\spring-boot-test\2.1.0.RELEASE\spring-boot-test-2.1.0.RELEASE.jar;C:\Users\Sarah Zhang\.m2\repository\org\springframework\boot\spring-boot-test-autoconfigure\2.1.0.RELEASE\spring-boot-test-autoconfigure-2.1.0.RELEASE.jar;C:\Users\Sarah Zhang\.m2\repository\com\jayway\jsonpath\json-path\2.4.0\json-path-2.4.0.jar;C:\Users\Sarah Zhang\.m2\repository\net\minidev\json-smart\2.3\json-smart-2.3.jar;C:\Users\Sarah Zhang\.m2\repository\net\minidev\accessors-smart\1.2\accessors-smart-1.2.jar;C:\Users\Sarah Zhang\.m2\repository\junit\junit\4.12\junit-4.12.jar;C:\Users\Sarah Zhang\.m2\repository\org\assertj\assertj-core\3.11.1\assertj-core-3.11.1.jar;C:\Users\Sarah Zhang\.m2\repository\org\mockito\mockito-core\2.23.0\mockito-core-2.23.0.jar;C:\Users\Sarah Zhang\.m2\repository\net\bytebuddy\byte-buddy-agent\1.9.3\byte-buddy-agent-1.9.3.jar;C:\Users\Sarah Zhang\.m2\repository\org\objenesis\objenesis\2.6\objenesis-2.6.jar;C:\Users\Sarah Zhang\.m2\repository\org\hamcrest\hamcrest-core\1.3\hamcrest-core-1.3.jar;C:\Users\Sarah Zhang\.m2\repository\org\hamcrest\hamcrest-library\1.3\hamcrest-library-1.3.jar;C:\Users\Sarah Zhang\.m2\repository\org\skyscreamer\jsonassert\1.5.0\jsonassert-1.5.0.jar;C:\Users\Sarah Zhang\.m2\repository\com\vaadin\external\google\android-json\0.0.20131108.vaadin1\android-json-0.0.20131108.vaadin1.jar;C:\Users\Sarah Zhang\.m2\repository\org\springframework\spring-core\5.1.2.RELEASE\spring-core-5.1.2.RELEASE.jar;C:\Users\Sarah Zhang\.m2\repository\org\springframework\spring-jcl\5.1.2.RELEASE\spring-jcl-5.1.2.RELEASE.jar;C:\Users\Sarah Zhang\.m2\repository\org\springframework\spring-test\5.1.2.RELEASE\spring-test-5.1.2.RELEASE.jar;C:\Users\Sarah Zhang\.m2\repository\org\xmlunit\xmlunit-core\2.6.2\xmlunit-core-2.6.2.jar;"/>
    <property name="java.vm.vendor" value="Oracle Corporation"/>
    <property name="sun.arch.data.model" value="64"/>
    <property name="user.variant" value=""/>
    <property name="java.vendor.url" value="http://java.oracle.com/"/>
    <property name="user.timezone" value="Pacific/Honolulu"/>
    <property name="java.vm.specification.version" value="1.8"/>
    <property name="os.name" value="Windows 10"/>
    <property name="user.country" value="US"/>
    <property name="sun.java.launcher" value="SUN_STANDARD"/>
    <property name="sun.boot.library.path" value="C:\Program Files\Java\jdk1.8.0_181\jre\bin"/>
    <property name="sun.java.command" value="C:\Users\SARAHZ~1\AppData\Local\Temp\surefire6629096937226145997\surefirebooter3664502031116733434.jar C:\Users\Sarah Zhang\AppData\Local\Temp\surefire6629096937226145997 2019-03-05T14-30-08_835-jvmRun1 surefire5061638801621356293tmp surefire_0874338709619344345tmp"/>
    <property name="surefire.test.class.path" value="C:\podscraper\target\test-classes;C:\podscraper\target\classes;C:\Users\Sarah Zhang\.m2\repository\org\seleniumhq\selenium\selenium-java\3.141.59\selenium-java-3.141.59.jar;C:\Users\Sarah Zhang\.m2\repository\org\seleniumhq\selenium\selenium-api\3.14.0\selenium-api-3.14.0.jar;C:\Users\Sarah Zhang\.m2\repository\org\seleniumhq\selenium\selenium-edge-driver\3.14.0\selenium-edge-driver-3.14.0.jar;C:\Users\Sarah Zhang\.m2\repository\commons-codec\commons-codec\1.11\commons-codec-1.11.jar;C:\Users\Sarah Zhang\.m2\repository\commons-logging\commons-logging\1.2\commons-logging-1.2.jar;C:\Users\Sarah Zhang\.m2\repository\org\apache\httpcomponents\httpclient\4.5.6\httpclient-4.5.6.jar;C:\Users\Sarah Zhang\.m2\repository\org\apache\httpcomponents\httpcore\4.4.10\httpcore-4.4.10.jar;C:\Users\Sarah Zhang\.m2\repository\org\seleniumhq\selenium\selenium-firefox-driver\3.14.0\selenium-firefox-driver-3.14.0.jar;C:\Users\Sarah Zhang\.m2\repository\org\seleniumhq\selenium\selenium-ie-driver\3.14.0\selenium-ie-driver-3.14.0.jar;C:\Users\Sarah Zhang\.m2\repository\org\seleniumhq\selenium\selenium-opera-driver\3.14.0\selenium-opera-driver-3.14.0.jar;C:\Users\Sarah Zhang\.m2\repository\org\seleniumhq\selenium\selenium-remote-driver\3.14.0\selenium-remote-driver-3.14.0.jar;C:\Users\Sarah Zhang\.m2\repository\org\seleniumhq\selenium\selenium-safari-driver\3.14.0\selenium-safari-driver-3.14.0.jar;C:\Users\Sarah Zhang\.m2\repository\org\seleniumhq\selenium\selenium-support\3.14.0\selenium-support-3.14.0.jar;C:\Users\Sarah Zhang\.m2\repository\net\bytebuddy\byte-buddy\1.9.3\byte-buddy-1.9.3.jar;C:\Users\Sarah Zhang\.m2\repository\org\apache\commons\commons-exec\1.3\commons-exec-1.3.jar;C:\Users\Sarah Zhang\.m2\repository\com\google\guava\guava\25.0-jre\guava-25.0-jre.jar;C:\Users\Sarah Zhang\.m2\repository\com\google\code\findbugs\jsr305\1.3.9\jsr305-1.3.9.jar;C:\Users\Sarah Zhang\.m2\repository\org\checkerframework\checker-compat-qual\2.0.0\checker-compat-qual-2.0.0.jar;C:\Users\Sarah Zhang\.m2\repository\com\google\errorprone\error_prone_annotations\2.1.3\error_prone_annotations-2.1.3.jar;C:\Users\Sarah Zhang\.m2\repository\com\google\j2objc\j2objc-annotations\1.1\j2objc-annotations-1.1.jar;C:\Users\Sarah Zhang\.m2\repository\org\codehaus\mojo\animal-sniffer-annotations\1.14\animal-sniffer-annotations-1.14.jar;C:\Users\Sarah Zhang\.m2\repository\com\squareup\okhttp3\okhttp\3.11.0\okhttp-3.11.0.jar;C:\Users\Sarah Zhang\.m2\repository\com\squareup\okio\okio\1.14.0\okio-1.14.0.jar;C:\Users\Sarah Zhang\.m2\repository\org\seleniumhq\selenium\selenium-chrome-driver\3.141.59\selenium-chrome-driver-3.141.59.jar;C:\Users\Sarah Zhang\.m2\repository\org\springframework\boot\spring-boot-starter-data-neo4j\2.1.0.RELEASE\spring-boot-starter-data-neo4j-2.1.0.RELEASE.jar;C:\Users\Sarah Zhang\.m2\repository\org\springframework\boot\spring-boot-starter\2.1.0.RELEASE\spring-boot-starter-2.1.0.RELEASE.jar;C:\Users\Sarah Zhang\.m2\repository\org\springframework\boot\spring-boot-starter-logging\2.1.0.RELEASE\spring-boot-starter-logging-2.1.0.RELEASE.jar;C:\Users\Sarah Zhang\.m2\repository\ch\qos\logback\logback-classic\1.2.3\logback-classic-1.2.3.jar;C:\Users\Sarah Zhang\.m2\repository\ch\qos\logback\logback-core\1.2.3\logback-core-1.2.3.jar;C:\Users\Sarah Zhang\.m2\repository\org\apache\logging\log4j\log4j-to-slf4j\2.11.1\log4j-to-slf4j-2.11.1.jar;C:\Users\Sarah Zhang\.m2\repository\org\apache\logging\log4j\log4j-api\2.11.1\log4j-api-2.11.1.jar;C:\Users\Sarah Zhang\.m2\repository\org\slf4j\jul-to-slf4j\1.7.25\jul-to-slf4j-1.7.25.jar;C:\Users\Sarah Zhang\.m2\repository\javax\annotation\javax.annotation-api\1.3.2\javax.annotation-api-1.3.2.jar;C:\Users\Sarah Zhang\.m2\repository\org\yaml\snakeyaml\1.23\snakeyaml-1.23.jar;C:\Users\Sarah Zhang\.m2\repository\org\springframework\data\spring-data-neo4j\5.1.2.RELEASE\spring-data-neo4j-5.1.2.RELEASE.jar;C:\Users\Sarah Zhang\.m2\repository\org\springframework\spring-tx\5.1.2.RELEASE\spring-tx-5.1.2.RELEASE.jar;C:\Users\Sarah Zhang\.m2\repository\org\springframework\spring-context\5.1.2.RELEASE\spring-context-5.1.2.RELEASE.jar;C:\Users\Sarah Zhang\.m2\repository\org\springframework\spring-beans\5.1.2.RELEASE\spring-beans-5.1.2.RELEASE.jar;C:\Users\Sarah Zhang\.m2\repository\org\springframework\data\spring-data-commons\2.1.2.RELEASE\spring-data-commons-2.1.2.RELEASE.jar;C:\Users\Sarah Zhang\.m2\repository\org\slf4j\slf4j-api\1.7.25\slf4j-api-1.7.25.jar;C:\Users\Sarah Zhang\.m2\repository\org\neo4j\neo4j\3.5.1\neo4j-3.5.1.jar;C:\Users\Sarah Zhang\.m2\repository\org\neo4j\neo4j-kernel\3.5.1\neo4j-kernel-3.5.1.jar;C:\Users\Sarah Zhang\.m2\repository\org\neo4j\neo4j-graphdb-api\3.5.1\neo4j-graphdb-api-3.5.1.jar;C:\Users\Sarah Zhang\.m2\repository\org\neo4j\neo4j-resource\3.5.1\neo4j-resource-3.5.1.jar;C:\Users\Sarah Zhang\.m2\repository\org\neo4j\neo4j-procedure-api\3.5.1\neo4j-procedure-api-3.5.1.jar;C:\Users\Sarah Zhang\.m2\repository\org\neo4j\neo4j-kernel-api\3.5.1\neo4j-kernel-api-3.5.1.jar;C:\Users\Sarah Zhang\.m2\repository\org\neo4j\neo4j-diagnostics\3.5.1\neo4j-diagnostics-3.5.1.jar;C:\Users\Sarah Zhang\.m2\repository\org\neo4j\neo4j-common\3.5.1\neo4j-common-3.5.1.jar;C:\Users\Sarah Zhang\.m2\repository\org\neo4j\neo4j-values\3.5.1\neo4j-values-3.5.1.jar;C:\Users\Sarah Zhang\.m2\repository\org\neo4j\neo4j-collections\3.5.1\neo4j-collections-3.5.1.jar;C:\Users\Sarah Zhang\.m2\repository\org\neo4j\neo4j-unsafe\3.5.1\neo4j-unsafe-3.5.1.jar;C:\Users\Sarah Zhang\.m2\repository\org\neo4j\neo4j-io\3.5.1\neo4j-io-3.5.1.jar;C:\Users\Sarah Zhang\.m2\repository\org\neo4j\neo4j-concurrent\3.5.1\neo4j-concurrent-3.5.1.jar;C:\Users\Sarah Zhang\.m2\repository\org\neo4j\neo4j-csv\3.5.1\neo4j-csv-3.5.1.jar;C:\Users\Sarah Zhang\.m2\repository\org\neo4j\neo4j-logging\3.5.1\neo4j-logging-3.5.1.jar;C:\Users\Sarah Zhang\.m2\repository\org\neo4j\neo4j-lucene-upgrade\3.5.1\neo4j-lucene-upgrade-3.5.1.jar;C:\Users\Sarah Zhang\.m2\repository\org\apache\lucene\lucene-core\5.5.5\lucene-core-5.5.5.jar;C:\Users\Sarah Zhang\.m2\repository\org\neo4j\neo4j-configuration\3.5.1\neo4j-configuration-3.5.1.jar;C:\Users\Sarah Zhang\.m2\repository\org\neo4j\neo4j-index\3.5.1\neo4j-index-3.5.1.jar;C:\Users\Sarah Zhang\.m2\repository\org\neo4j\neo4j-spatial-index\3.5.1\neo4j-spatial-index-3.5.1.jar;C:\Users\Sarah Zhang\.m2\repository\org\neo4j\neo4j-ssl\3.5.1\neo4j-ssl-3.5.1.jar;C:\Users\Sarah Zhang\.m2\repository\org\eclipse\collections\eclipse-collections\9.2.0\eclipse-collections-9.2.0.jar;C:\Users\Sarah Zhang\.m2\repository\org\eclipse\collections\eclipse-collections-api\9.2.0\eclipse-collections-api-9.2.0.jar;C:\Users\Sarah Zhang\.m2\repository\org\neo4j\neo4j-lucene-index\3.5.1\neo4j-lucene-index-3.5.1.jar;C:\Users\Sarah Zhang\.m2\repository\org\apache\lucene\lucene-analyzers-common\5.5.5\lucene-analyzers-common-5.5.5.jar;C:\Users\Sarah Zhang\.m2\repository\org\apache\lucene\lucene-queryparser\5.5.5\lucene-queryparser-5.5.5.jar;C:\Users\Sarah Zhang\.m2\repository\org\apache\lucene\lucene-codecs\5.5.5\lucene-codecs-5.5.5.jar;C:\Users\Sarah Zhang\.m2\repository\org\neo4j\neo4j-fulltext-index\3.5.1\neo4j-fulltext-index-3.5.1.jar;C:\Users\Sarah Zhang\.m2\repository\org\neo4j\neo4j-graph-algo\3.5.1\neo4j-graph-algo-3.5.1.jar;C:\Users\Sarah Zhang\.m2\repository\org\neo4j\neo4j-udc\3.5.1\neo4j-udc-3.5.1.jar;C:\Users\Sarah Zhang\.m2\repository\org\neo4j\neo4j-data-collector\3.5.1\neo4j-data-collector-3.5.1.jar;C:\Users\Sarah Zhang\.m2\repository\org\scala-lang\scala-library\2.11.12\scala-library-2.11.12.jar;C:\Users\Sarah Zhang\.m2\repository\org\scala-lang\scala-reflect\2.11.12\scala-reflect-2.11.12.jar;C:\Users\Sarah Zhang\.m2\repository\org\neo4j\neo4j-cypher\3.5.1\neo4j-cypher-3.5.1.jar;C:\Users\Sarah Zhang\.m2\repository\org\neo4j\neo4j-graph-matching\3.1.9\neo4j-graph-matching-3.1.9.jar;C:\Users\Sarah Zhang\.m2\repository\org\neo4j\neo4j-codegen\3.5.1\neo4j-codegen-3.5.1.jar;C:\Users\Sarah Zhang\.m2\repository\org\ow2\asm\asm\6.2\asm-6.2.jar;C:\Users\Sarah Zhang\.m2\repository\org\ow2\asm\asm-util\6.2\asm-util-6.2.jar;C:\Users\Sarah Zhang\.m2\repository\org\ow2\asm\asm-analysis\6.2\asm-analysis-6.2.jar;C:\Users\Sarah Zhang\.m2\repository\org\ow2\asm\asm-tree\6.2\asm-tree-6.2.jar;C:\Users\Sarah Zhang\.m2\repository\org\apache\commons\commons-text\1.4\commons-text-1.4.jar;C:\Users\Sarah Zhang\.m2\repository\org\neo4j\neo4j-cypher-compiler-2.3\2.3.12\neo4j-cypher-compiler-2.3-2.3.12.jar;C:\Users\Sarah Zhang\.m2\repository\org\neo4j\neo4j-cypher-frontend-2.3\2.3.12\neo4j-cypher-frontend-2.3-2.3.12.jar;C:\Users\Sarah Zhang\.m2\repository\com\googlecode\concurrentlinkedhashmap\concurrentlinkedhashmap-lru\1.4.2\concurrentlinkedhashmap-lru-1.4.2.jar;C:\Users\Sarah Zhang\.m2\repository\org\neo4j\neo4j-cypher-compiler-3.1\3.1.9\neo4j-cypher-compiler-3.1-3.1.9.jar;C:\Users\Sarah Zhang\.m2\repository\org\neo4j\neo4j-cypher-frontend-3.1\3.1.9\neo4j-cypher-frontend-3.1-3.1.9.jar;C:\Users\Sarah Zhang\.m2\repository\com\github\ben-manes\caffeine\caffeine\2.6.2\caffeine-2.6.2.jar;C:\Users\Sarah Zhang\.m2\repository\org\neo4j\neo4j-cypher-planner-3.4\3.4.10\neo4j-cypher-planner-3.4-3.4.10.jar;C:\Users\Sarah Zhang\.m2\repository\org\neo4j\openCypher-frontend-1\3.4.10\openCypher-frontend-1-3.4.10.jar;C:\Users\Sarah Zhang\.m2\repository\org\neo4j\neo4j-cypher-util-3.4\3.4.10\neo4j-cypher-util-3.4-3.4.10.jar;C:\Users\Sarah Zhang\.m2\repository\org\neo4j\neo4j-cypher-expression-3.4\3.4.10\neo4j-cypher-expression-3.4-3.4.10.jar;C:\Users\Sarah Zhang\.m2\repository\org\neo4j\neo4j-cypher-ir-3.4\3.4.10\neo4j-cypher-ir-3.4-3.4.10.jar;C:\Users\Sarah Zhang\.m2\repository\org\neo4j\neo4j-cypher-logical-plans-3.4\3.4.10\neo4j-cypher-logical-plans-3.4-3.4.10.jar;C:\Users\Sarah Zhang\.m2\repository\org\neo4j\neo4j-cypher-planner-spi-3.4\3.4.10\neo4j-cypher-planner-spi-3.4-3.4.10.jar;C:\Users\Sarah Zhang\.m2\repository\org\neo4j\neo4j-legacy\3.5.1\neo4j-legacy-3.5.1.jar;C:\Users\Sarah Zhang\.m2\repository\org\neo4j\neo4j-util-3.5\3.5.1\neo4j-util-3.5-3.5.1.jar;C:\Users\Sarah Zhang\.m2\repository\org\neo4j\neo4j-cypher-planner-3.5\3.5.1\neo4j-cypher-planner-3.5-3.5.1.jar;C:\Users\Sarah Zhang\.m2\repository\org\neo4j\neo4j-cypher-ir-3.5\3.5.1\neo4j-cypher-ir-3.5-3.5.1.jar;C:\Users\Sarah Zhang\.m2\repository\org\neo4j\neo4j-expressions-3.5\3.5.1\neo4j-expressions-3.5-3.5.1.jar;C:\Users\Sarah Zhang\.m2\repository\org\neo4j\neo4j-ast-3.5\3.5.1\neo4j-ast-3.5-3.5.1.jar;C:\Users\Sarah Zhang\.m2\repository\org\neo4j\neo4j-front-end-3.5\3.5.1\neo4j-front-end-3.5-3.5.1.jar;C:\Users\Sarah Zhang\.m2\repository\org\neo4j\neo4j-parser-3.5\3.5.1\neo4j-parser-3.5-3.5.1.jar;C:\Users\Sarah Zhang\.m2\repository\org\neo4j\neo4j-rewriting-3.5\3.5.1\neo4j-rewriting-3.5-3.5.1.jar;C:\Users\Sarah Zhang\.m2\repository\org\neo4j\neo4j-cypher-logical-plans-3.5\3.5.1\neo4j-cypher-logical-plans-3.5-3.5.1.jar;C:\Users\Sarah Zhang\.m2\repository\org\neo4j\neo4j-cypher-planner-spi-3.5\3.5.1\neo4j-cypher-planner-spi-3.5-3.5.1.jar;C:\Users\Sarah Zhang\.m2\repository\org\neo4j\neo4j-cypher-runtime-util\3.5.1\neo4j-cypher-runtime-util-3.5.1.jar;C:\Users\Sarah Zhang\.m2\repository\org\neo4j\neo4j-cypher-interpreted-runtime\3.5.1\neo4j-cypher-interpreted-runtime-3.5.1.jar;C:\Users\Sarah Zhang\.m2\repository\org\parboiled\parboiled-scala_2.11\1.1.7\parboiled-scala_2.11-1.1.7.jar;C:\Users\Sarah Zhang\.m2\repository\org\parboiled\parboiled-core\1.1.7\parboiled-core-1.1.7.jar;C:\Users\Sarah Zhang\.m2\repository\net\sf\opencsv\opencsv\2.3\opencsv-2.3.jar;C:\Users\Sarah Zhang\.m2\repository\org\apache\commons\commons-lang3\3.8.1\commons-lang3-3.8.1.jar;C:\Users\Sarah Zhang\.m2\repository\org\neo4j\neo4j-jmx\3.5.1\neo4j-jmx-3.5.1.jar;C:\Users\Sarah Zhang\.m2\repository\org\neo4j\neo4j-bolt\3.5.1\neo4j-bolt-3.5.1.jar;C:\Users\Sarah Zhang\.m2\repository\io\netty\netty-all\4.1.29.Final\netty-all-4.1.29.Final.jar;C:\Users\Sarah Zhang\.m2\repository\org\bouncycastle\bcpkix-jdk15on\1.60\bcpkix-jdk15on-1.60.jar;C:\Users\Sarah Zhang\.m2\repository\org\bouncycastle\bcprov-jdk15on\1.60\bcprov-jdk15on-1.60.jar;C:\Users\Sarah Zhang\.m2\repository\org\neo4j\neo4j-consistency-check\3.5.1\neo4j-consistency-check-3.5.1.jar;C:\Users\Sarah Zhang\.m2\repository\org\neo4j\neo4j-command-line\3.5.1\neo4j-command-line-3.5.1.jar;C:\Users\Sarah Zhang\.m2\repository\org\neo4j\neo4j-dbms\3.5.1\neo4j-dbms-3.5.1.jar;C:\Users\Sarah Zhang\.m2\repository\org\neo4j\neo4j-import-tool\3.5.1\neo4j-import-tool-3.5.1.jar;C:\Users\Sarah Zhang\.m2\repository\org\jprocesses\jProcesses\1.6.4\jProcesses-1.6.4.jar;C:\Users\Sarah Zhang\.m2\repository\com\profesorfalken\WMI4Java\1.6.1\WMI4Java-1.6.1.jar;C:\Users\Sarah Zhang\.m2\repository\com\profesorfalken\jPowerShell\1.9\jPowerShell-1.9.jar;C:\Users\Sarah Zhang\.m2\repository\org\apache\commons\commons-compress\1.18\commons-compress-1.18.jar;C:\Program Files\Java\jdk1.8.0_181\jre\..\lib\tools.jar;C:\Users\Sarah Zhang\.m2\repository\org\neo4j\neo4j-ogm-embedded-driver\3.1.7\neo4j-ogm-embedded-driver-3.1.7.jar;C:\Users\Sarah Zhang\.m2\repository\org\neo4j\neo4j-ogm-api\3.1.4\neo4j-ogm-api-3.1.4.jar;C:\Users\Sarah Zhang\.m2\repository\com\fasterxml\jackson\core\jackson-databind\2.9.7\jackson-databind-2.9.7.jar;C:\Users\Sarah Zhang\.m2\repository\com\fasterxml\jackson\core\jackson-core\2.9.7\jackson-core-2.9.7.jar;C:\Users\Sarah Zhang\.m2\repository\org\neo4j\neo4j-ogm-core\3.1.4\neo4j-ogm-core-3.1.4.jar;C:\Users\Sarah Zhang\.m2\repository\io\github\lukehutch\fast-classpath-scanner\2.18.1\fast-classpath-scanner-2.18.1.jar;C:\Users\Sarah Zhang\.m2\repository\org\neo4j\neo4j-ogm-bolt-driver\3.1.7\neo4j-ogm-bolt-driver-3.1.7.jar;C:\Users\Sarah Zhang\.m2\repository\org\neo4j\driver\neo4j-java-driver\1.6.3\neo4j-java-driver-1.6.3.jar;C:\Users\Sarah Zhang\.m2\repository\org\springframework\boot\spring-boot-starter-web\2.1.0.RELEASE\spring-boot-starter-web-2.1.0.RELEASE.jar;C:\Users\Sarah Zhang\.m2\repository\org\springframework\boot\spring-boot-starter-json\2.1.0.RELEASE\spring-boot-starter-json-2.1.0.RELEASE.jar;C:\Users\Sarah Zhang\.m2\repository\com\fasterxml\jackson\datatype\jackson-datatype-jdk8\2.9.7\jackson-datatype-jdk8-2.9.7.jar;C:\Users\Sarah Zhang\.m2\repository\com\fasterxml\jackson\datatype\jackson-datatype-jsr310\2.9.7\jackson-datatype-jsr310-2.9.7.jar;C:\Users\Sarah Zhang\.m2\repository\com\fasterxml\jackson\module\jackson-module-parameter-names\2.9.7\jackson-module-parameter-names-2.9.7.jar;C:\Users\Sarah Zhang\.m2\repository\org\springframework\boot\spring-boot-starter-tomcat\2.1.0.RELEASE\spring-boot-starter-tomcat-2.1.0.RELEASE.jar;C:\Users\Sarah Zhang\.m2\repository\org\apache\tomcat\embed\tomcat-embed-core\9.0.12\tomcat-embed-core-9.0.12.jar;C:\Users\Sarah Zhang\.m2\repository\org\apache\tomcat\embed\tomcat-embed-el\9.0.12\tomcat-embed-el-9.0.12.jar;C:\Users\Sarah Zhang\.m2\repository\org\apache\tomcat\embed\tomcat-embed-websocket\9.0.12\tomcat-embed-websocket-9.0.12.jar;C:\Users\Sarah Zhang\.m2\repository\org\hibernate\validator\hibernate-validator\6.0.13.Final\hibernate-validator-6.0.13.Final.jar;C:\Users\Sarah Zhang\.m2\repository\javax\validation\validation-api\2.0.1.Final\validation-api-2.0.1.Final.jar;C:\Users\Sarah Zhang\.m2\repository\org\jboss\logging\jboss-logging\3.3.2.Final\jboss-logging-3.3.2.Final.jar;C:\Users\Sarah Zhang\.m2\repository\com\fasterxml\classmate\1.4.0\classmate-1.4.0.jar;C:\Users\Sarah Zhang\.m2\repository\org\springframework\spring-web\5.1.2.RELEASE\spring-web-5.1.2.RELEASE.jar;C:\Users\Sarah Zhang\.m2\repository\org\springframework\spring-webmvc\5.1.2.RELEASE\spring-webmvc-5.1.2.RELEASE.jar;C:\Users\Sarah Zhang\.m2\repository\org\springframework\spring-aop\5.1.2.RELEASE\spring-aop-5.1.2.RELEASE.jar;C:\Users\Sarah Zhang\.m2\repository\org\springframework\spring-expression\5.1.2.RELEASE\spring-expression-5.1.2.RELEASE.jar;C:\Users\Sarah Zhang\.m2\repository\org\springframework\boot\spring-boot-starter-data-rest\2.1.0.RELEASE\spring-boot-starter-data-rest-2.1.0.RELEASE.jar;C:\Users\Sarah Zhang\.m2\repository\org\springframework\data\spring-data-rest-webmvc\3.1.2.RELEASE\spring-data-rest-webmvc-3.1.2.RELEASE.jar;C:\Users\Sarah Zhang\.m2\repository\org\springframework\data\spring-data-rest-core\3.1.2.RELEASE\spring-data-rest-core-3.1.2.RELEASE.jar;C:\Users\Sarah Zhang\.m2\repository\org\springframework\hateoas\spring-hateoas\0.25.0.RELEASE\spring-hateoas-0.25.0.RELEASE.jar;C:\Users\Sarah Zhang\.m2\repository\org\springframework\plugin\spring-plugin-core\1.2.0.RELEASE\spring-plugin-core-1.2.0.RELEASE.jar;C:\Users\Sarah Zhang\.m2\repository\org\atteo\evo-inflector\1.2.2\evo-inflector-1.2.2.jar;C:\Users\Sarah Zhang\.m2\repository\com\fasterxml\jackson\core\jackson-annotations\2.9.0\jackson-annotations-2.9.0.jar;C:\Users\Sarah Zhang\.m2\repository\org\springframework\boot\spring-boot-devtools\2.1.0.RELEASE\spring-boot-devtools-2.1.0.RELEASE.jar;C:\Users\Sarah Zhang\.m2\repository\org\springframework\boot\spring-boot\2.1.0.RELEASE\spring-boot-2.1.0.RELEASE.jar;C:\Users\Sarah Zhang\.m2\repository\org\springframework\boot\spring-boot-autoconfigure\2.1.0.RELEASE\spring-boot-autoconfigure-2.1.0.RELEASE.jar;C:\Users\Sarah Zhang\.m2\repository\org\springframework\boot\spring-boot-starter-test\2.1.0.RELEASE\spring-boot-starter-test-2.1.0.RELEASE.jar;C:\Users\Sarah Zhang\.m2\repository\org\springframework\boot\spring-boot-test\2.1.0.RELEASE\spring-boot-test-2.1.0.RELEASE.jar;C:\Users\Sarah Zhang\.m2\repository\org\springframework\boot\spring-boot-test-autoconfigure\2.1.0.RELEASE\spring-boot-test-autoconfigure-2.1.0.RELEASE.jar;C:\Users\Sarah Zhang\.m2\repository\com\jayway\jsonpath\json-path\2.4.0\json-path-2.4.0.jar;C:\Users\Sarah Zhang\.m2\repository\net\minidev\json-smart\2.3\json-smart-2.3.jar;C:\Users\Sarah Zhang\.m2\repository\net\minidev\accessors-smart\1.2\accessors-smart-1.2.jar;C:\Users\Sarah Zhang\.m2\repository\junit\junit\4.12\junit-4.12.jar;C:\Users\Sarah Zhang\.m2\repository\org\assertj\assertj-core\3.11.1\assertj-core-3.11.1.jar;C:\Users\Sarah Zhang\.m2\repository\org\mockito\mockito-core\2.23.0\mockito-core-2.23.0.jar;C:\Users\Sarah Zhang\.m2\repository\net\bytebuddy\byte-buddy-agent\1.9.3\byte-buddy-agent-1.9.3.jar;C:\Users\Sarah Zhang\.m2\repository\org\objenesis\objenesis\2.6\objenesis-2.6.jar;C:\Users\Sarah Zhang\.m2\repository\org\hamcrest\hamcrest-core\1.3\hamcrest-core-1.3.jar;C:\Users\Sarah Zhang\.m2\repository\org\hamcrest\hamcrest-library\1.3\hamcrest-library-1.3.jar;C:\Users\Sarah Zhang\.m2\repository\org\skyscreamer\jsonassert\1.5.0\jsonassert-1.5.0.jar;C:\Users\Sarah Zhang\.m2\repository\com\vaadin\external\google\android-json\0.0.20131108.vaadin1\android-json-0.0.20131108.vaadin1.jar;C:\Users\Sarah Zhang\.m2\repository\org\springframework\spring-core\5.1.2.RELEASE\spring-core-5.1.2.RELEASE.jar;C:\Users\Sarah Zhang\.m2\repository\org\springframework\spring-jcl\5.1.2.RELEASE\spring-jcl-5.1.2.RELEASE.jar;C:\Users\Sarah Zhang\.m2\repository\org\springframework\spring-test\5.1.2.RELEASE\spring-test-5.1.2.RELEASE.jar;C:\Users\Sarah Zhang\.m2\repository\org\xmlunit\xmlunit-core\2.6.2\xmlunit-core-2.6.2.jar;"/>
    <property name="sun.cpu.endian" value="little"/>
    <property name="user.home" value="C:\Users\Sarah Zhang"/>
    <property name="user.language" value="en"/>
    <property name="java.specification.vendor" value="Oracle Corporation"/>
    <property name="java.home" value="C:\Program Files\Java\jdk1.8.0_181\jre"/>
    <property name="basedir" value="C:\podscraper"/>
    <property name="file.separator" value="\"/>
    <property name="line.separator" value="&#10;"/>
    <property name="java.vm.specification.vendor" value="Oracle Corporation"/>
    <property name="java.specification.name" value="Java Platform API Specification"/>
    <property name="java.awt.graphicsenv" value="sun.awt.Win32GraphicsEnvironment"/>
    <property name="surefire.real.class.path" value="C:\Users\SARAHZ~1\AppData\Local\Temp\surefire6629096937226145997\surefirebooter3664502031116733434.jar"/>
    <property name="sun.boot.class.path" value="C:\Program Files\Java\jdk1.8.0_181\jre\lib\resources.jar;C:\Program Files\Java\jdk1.8.0_181\jre\lib\rt.jar;C:\Program Files\Java\jdk1.8.0_181\jre\lib\sunrsasign.jar;C:\Program Files\Java\jdk1.8.0_181\jre\lib\jsse.jar;C:\Program Files\Java\jdk1.8.0_181\jre\lib\jce.jar;C:\Program Files\Java\jdk1.8.0_181\jre\lib\charsets.jar;C:\Program Files\Java\jdk1.8.0_181\jre\lib\jfr.jar;C:\Program Files\Java\jdk1.8.0_181\jre\classes"/>
    <property name="user.script" value=""/>
    <property name="sun.management.compiler" value="HotSpot 64-Bit Tiered Compilers"/>
    <property name="java.runtime.version" value="1.8.0_181-b13"/>
    <property name="user.name" value="Sarah Zhang"/>
    <property name="path.separator" value=";"/>
    <property name="os.version" value="10.0"/>
    <property name="java.endorsed.dirs" value="C:\Program Files\Java\jdk1.8.0_181\jre\lib\endorsed"/>
    <property name="java.runtime.name" value="Java(TM) SE Runtime Environment"/>
    <property name="file.encoding" value="Cp1252"/>
    <property name="java.vm.name" value="Java HotSpot(TM) 64-Bit Server VM"/>
    <property name="localRepository" value="C:\Users\Sarah Zhang\.m2\repository"/>
    <property name="java.vendor.url.bug" value="http://bugreport.sun.com/bugreport/"/>
    <property name="java.io.tmpdir" value="C:\Users\SARAHZ~1\AppData\Local\Temp\"/>
    <property name="java.version" value="1.8.0_181"/>
    <property name="user.dir" value="C:\podscraper"/>
    <property name="os.arch" value="amd64"/>
    <property name="java.vm.specification.name" value="Java Virtual Machine Specification"/>
    <property name="java.awt.printerjob" value="sun.awt.windows.WPrinterJob"/>
    <property name="sun.os.patch.level" value=""/>
    <property name="java.library.path" value="C:\Program Files\Java\jdk1.8.0_181\jre\bin;C:\WINDOWS\Sun\Java\bin;C:\WINDOWS\system32;C:\WINDOWS;C:\Users\Sarah Zhang\bin;C:\Program Files\Git\mingw64\bin;C:\Program Files\Git\usr\local\bin;C:\Program Files\Git\usr\bin;C:\Program Files\Git\usr\bin;C:\Program Files\Git\mingw64\bin;C:\Program Files\Git\usr\bin;C:\Users\Sarah Zhang\bin;C:\Program Files (x86)\Common Files\Intel\Shared Libraries\redist\intel64\compiler;C:\Program Files (x86)\Common Files\Oracle\Java\javapath;C:\Program Files (x86)\Intel\Intel(R) Management Engine Components\iCLS;C:\Program Files\Intel\Intel(R) Management Engine Components\iCLS;C:\Windows\system32;C:\Windows;C:\Windows\System32\Wbem;C:\Windows\System32\WindowsPowerShell\v1.0;C:\Windows\System32\OpenSSH;C:\Program Files (x86)\Intel\Intel(R) Management Engine Components\DAL;C:\Program Files\Intel\Intel(R) Management Engine Components\DAL;C:\Program Files (x86)\Intel\Intel(R) Management Engine Components\IPT;C:\Program Files\Intel\Intel(R) Management Engine Components\IPT;C:\Program Files (x86)\NVIDIA Corporation\PhysX\Common;C:\Program Files (x86)\PharosSystems\Core;C:\Program Files\nodejs;C:\WINDOWS\system32;C:\WINDOWS;C:\WINDOWS\System32\Wbem;C:\WINDOWS\System32\WindowsPowerShell\v1.0;C:\WINDOWS\System32\OpenSSH;C:\Users\Sarah Zhang\AppData\Local\Microsoft\WindowsApps;C:\Program Files\maven\apache-maven-3.6.0\bin;C:\Users\Sarah Zhang\AppData\Local\Programs\Microsoft VS Code\bin;C:\Users\Sarah Zhang\AppData\Roaming\npm;C:\Program Files\heroku\bin;C:\Users\Sarah Zhang\AppData\Local\Programs\Python\Python37;C:\Users\Sarah Zhang\AppData\Local\Programs\Python\Python37\Scripts;C:\Users\Sarah Zhang\AppData\Roaming\Python\Python37\Scripts;C:\Program Files\PostgreSQL\11\bin;C:\Program Files\Git\usr\bin\vendor_perl;C:\Program Files\Git\usr\bin\core_perl;."/>
    <property name="java.vm.info" value="mixed mode"/>
    <property name="java.vendor" value="Oracle Corporation"/>
    <property name="java.vm.version" value="25.181-b13"/>
    <property name="java.ext.dirs" value="C:\Program Files\Java\jdk1.8.0_181\jre\lib\ext;C:\WINDOWS\Sun\Java\lib\ext"/>
    <property name="sun.io.unicode.encoding" value="UnicodeLittle"/>
    <property name="java.class.version" value="52.0"/>
  </properties>
  <testcase name="testGetRecsGivenPodcastName" classname="org.szhang.personal.podscraper.repositories.PodcastAppTest" time="1.921"/>
  <testcase name="testGetPodcastById" classname="org.szhang.personal.podscraper.repositories.PodcastAppTest" time="0.257"/>
  <testcase name="testGetMySavedPodcasts" classname="org.szhang.personal.podscraper.repositories.PodcastAppTest" time="0.042"/>
  <testcase name="testGetRecsBasedOnSearch" classname="org.szhang.personal.podscraper.repositories.PodcastAppTest" time="0.357"/>
  <testcase name="testGetPodcastByName" classname="org.szhang.personal.podscraper.repositories.PodcastAppTest" time="0.161"/>
  <testcase name="testGetPodcastsGivenWordsOr" classname="org.szhang.personal.podscraper.repositories.PodcastAppTest" time="0.072"/>
  <testcase name="testGetPodcastsGivenWordsAnd" classname="org.szhang.personal.podscraper.repositories.PodcastAppTest" time="0.072"/>
</testsuite>